{"D:\\Desktop\\Files\\Card Search\\group-buy\\src\\lib\\admin-shared.ts": {"path":"D:\\Desktop\\Files\\Card Search\\group-buy\\src\\lib\\admin-shared.ts","all":false,"statementMap":{"4":{"start":{"line":5,"column":0},"end":{"line":5,"column":34}},"5":{"start":{"line":6,"column":0},"end":{"line":6,"column":31}},"6":{"start":{"line":7,"column":0},"end":{"line":7,"column":32}},"7":{"start":{"line":8,"column":0},"end":{"line":8,"column":10}},"14":{"start":{"line":15,"column":0},"end":{"line":15,"column":81}},"15":{"start":{"line":16,"column":0},"end":{"line":16,"column":30}},"16":{"start":{"line":17,"column":0},"end":{"line":17,"column":64}},"17":{"start":{"line":18,"column":0},"end":{"line":18,"column":1}},"22":{"start":{"line":23,"column":0},"end":{"line":23,"column":36}},"23":{"start":{"line":24,"column":0},"end":{"line":24,"column":12}},"24":{"start":{"line":25,"column":0},"end":{"line":25,"column":21}},"25":{"start":{"line":26,"column":0},"end":{"line":26,"column":83}},"26":{"start":{"line":27,"column":0},"end":{"line":27,"column":52}},"27":{"start":{"line":28,"column":0},"end":{"line":28,"column":4}},"28":{"start":{"line":29,"column":0},"end":{"line":29,"column":13}},"29":{"start":{"line":30,"column":0},"end":{"line":30,"column":22}},"30":{"start":{"line":31,"column":0},"end":{"line":31,"column":75}},"31":{"start":{"line":32,"column":0},"end":{"line":32,"column":56}},"32":{"start":{"line":33,"column":0},"end":{"line":33,"column":4}},"33":{"start":{"line":34,"column":0},"end":{"line":34,"column":9}},"34":{"start":{"line":35,"column":0},"end":{"line":35,"column":18}},"35":{"start":{"line":36,"column":0},"end":{"line":36,"column":79}},"36":{"start":{"line":37,"column":0},"end":{"line":37,"column":56}},"37":{"start":{"line":38,"column":0},"end":{"line":38,"column":4}},"38":{"start":{"line":39,"column":0},"end":{"line":39,"column":15}},"39":{"start":{"line":40,"column":0},"end":{"line":40,"column":24}},"40":{"start":{"line":41,"column":0},"end":{"line":41,"column":83}},"41":{"start":{"line":42,"column":0},"end":{"line":42,"column":42}},"42":{"start":{"line":43,"column":0},"end":{"line":43,"column":4}},"43":{"start":{"line":44,"column":0},"end":{"line":44,"column":12}},"44":{"start":{"line":45,"column":0},"end":{"line":45,"column":21}},"45":{"start":{"line":46,"column":0},"end":{"line":46,"column":83}},"46":{"start":{"line":47,"column":0},"end":{"line":47,"column":41}},"47":{"start":{"line":48,"column":0},"end":{"line":48,"column":4}},"48":{"start":{"line":49,"column":0},"end":{"line":49,"column":14}},"49":{"start":{"line":50,"column":0},"end":{"line":50,"column":23}},"50":{"start":{"line":51,"column":0},"end":{"line":51,"column":87}},"51":{"start":{"line":52,"column":0},"end":{"line":52,"column":34}},"52":{"start":{"line":53,"column":0},"end":{"line":53,"column":4}},"53":{"start":{"line":54,"column":0},"end":{"line":54,"column":14}},"54":{"start":{"line":55,"column":0},"end":{"line":55,"column":23}},"55":{"start":{"line":56,"column":0},"end":{"line":56,"column":71}},"56":{"start":{"line":57,"column":0},"end":{"line":57,"column":38}},"57":{"start":{"line":58,"column":0},"end":{"line":58,"column":3}},"58":{"start":{"line":59,"column":0},"end":{"line":59,"column":10}},"65":{"start":{"line":66,"column":0},"end":{"line":66,"column":76}},"66":{"start":{"line":67,"column":0},"end":{"line":67,"column":26}},"67":{"start":{"line":68,"column":0},"end":{"line":68,"column":19}},"68":{"start":{"line":69,"column":0},"end":{"line":69,"column":38}},"69":{"start":{"line":70,"column":0},"end":{"line":70,"column":20}},"70":{"start":{"line":71,"column":0},"end":{"line":71,"column":34}},"71":{"start":{"line":72,"column":0},"end":{"line":72,"column":16}},"72":{"start":{"line":73,"column":0},"end":{"line":73,"column":40}},"73":{"start":{"line":74,"column":0},"end":{"line":74,"column":22}},"74":{"start":{"line":75,"column":0},"end":{"line":75,"column":37}},"75":{"start":{"line":76,"column":0},"end":{"line":76,"column":19}},"76":{"start":{"line":77,"column":0},"end":{"line":77,"column":26}},"77":{"start":{"line":78,"column":0},"end":{"line":78,"column":21}},"78":{"start":{"line":79,"column":0},"end":{"line":79,"column":15}},"79":{"start":{"line":80,"column":0},"end":{"line":80,"column":21}},"80":{"start":{"line":81,"column":0},"end":{"line":81,"column":46}},"81":{"start":{"line":82,"column":0},"end":{"line":82,"column":12}},"82":{"start":{"line":83,"column":0},"end":{"line":83,"column":15}},"83":{"start":{"line":84,"column":0},"end":{"line":84,"column":3}},"84":{"start":{"line":85,"column":0},"end":{"line":85,"column":1}}},"s":{"4":1,"5":1,"6":1,"7":1,"14":1,"15":7,"16":4,"17":4,"22":1,"23":1,"24":1,"25":1,"26":1,"27":1,"28":1,"29":1,"30":1,"31":1,"32":1,"33":1,"34":1,"35":1,"36":1,"37":1,"38":1,"39":1,"40":1,"41":1,"42":1,"43":1,"44":1,"45":1,"46":1,"47":1,"48":1,"49":1,"50":1,"51":1,"52":1,"53":1,"54":1,"55":1,"56":1,"57":1,"58":1,"65":1,"66":7,"67":7,"68":1,"69":7,"70":1,"71":7,"72":1,"73":7,"74":1,"75":7,"76":1,"77":7,"78":1,"79":7,"80":1,"81":7,"82":0,"83":7,"84":7},"branchMap":{"0":{"type":"branch","line":15,"loc":{"start":{"line":15,"column":7},"end":{"line":18,"column":1}},"locations":[{"start":{"line":15,"column":7},"end":{"line":18,"column":1}}]},"1":{"type":"branch","line":16,"loc":{"start":{"line":16,"column":18},"end":{"line":16,"column":30}},"locations":[{"start":{"line":16,"column":18},"end":{"line":16,"column":30}}]},"2":{"type":"branch","line":16,"loc":{"start":{"line":16,"column":25},"end":{"line":18,"column":1}},"locations":[{"start":{"line":16,"column":25},"end":{"line":18,"column":1}}]},"3":{"type":"branch","line":66,"loc":{"start":{"line":66,"column":7},"end":{"line":85,"column":1}},"locations":[{"start":{"line":66,"column":7},"end":{"line":85,"column":1}}]},"4":{"type":"branch","line":68,"loc":{"start":{"line":68,"column":4},"end":{"line":69,"column":38}},"locations":[{"start":{"line":68,"column":4},"end":{"line":69,"column":38}}]},"5":{"type":"branch","line":70,"loc":{"start":{"line":70,"column":4},"end":{"line":71,"column":34}},"locations":[{"start":{"line":70,"column":4},"end":{"line":71,"column":34}}]},"6":{"type":"branch","line":72,"loc":{"start":{"line":72,"column":4},"end":{"line":73,"column":40}},"locations":[{"start":{"line":72,"column":4},"end":{"line":73,"column":40}}]},"7":{"type":"branch","line":74,"loc":{"start":{"line":74,"column":4},"end":{"line":75,"column":37}},"locations":[{"start":{"line":74,"column":4},"end":{"line":75,"column":37}}]},"8":{"type":"branch","line":76,"loc":{"start":{"line":76,"column":4},"end":{"line":77,"column":26}},"locations":[{"start":{"line":76,"column":4},"end":{"line":77,"column":26}}]},"9":{"type":"branch","line":78,"loc":{"start":{"line":78,"column":4},"end":{"line":79,"column":15}},"locations":[{"start":{"line":78,"column":4},"end":{"line":79,"column":15}}]},"10":{"type":"branch","line":80,"loc":{"start":{"line":80,"column":4},"end":{"line":81,"column":46}},"locations":[{"start":{"line":80,"column":4},"end":{"line":81,"column":46}}]},"11":{"type":"branch","line":82,"loc":{"start":{"line":82,"column":4},"end":{"line":83,"column":15}},"locations":[{"start":{"line":82,"column":4},"end":{"line":83,"column":15}}]}},"b":{"0":[7],"1":[3],"2":[4],"3":[7],"4":[1],"5":[1],"6":[1],"7":[1],"8":[1],"9":[1],"10":[1],"11":[0]},"fnMap":{"0":{"name":"isAdminDiscordId","decl":{"start":{"line":15,"column":7},"end":{"line":18,"column":1}},"loc":{"start":{"line":15,"column":7},"end":{"line":18,"column":1}},"line":15},"1":{"name":"getNextStatuses","decl":{"start":{"line":66,"column":7},"end":{"line":85,"column":1}},"loc":{"start":{"line":66,"column":7},"end":{"line":85,"column":1}},"line":66}},"f":{"0":7,"1":7}}
,"D:\\Desktop\\Files\\Card Search\\group-buy\\src\\lib\\deck-utils.ts": {"path":"D:\\Desktop\\Files\\Card Search\\group-buy\\src\\lib\\deck-utils.ts","all":false,"statementMap":{"16":{"start":{"line":17,"column":0},"end":{"line":17,"column":51}},"17":{"start":{"line":18,"column":0},"end":{"line":18,"column":14}},"18":{"start":{"line":19,"column":0},"end":{"line":19,"column":18}},"19":{"start":{"line":20,"column":0},"end":{"line":20,"column":14}},"20":{"start":{"line":21,"column":0},"end":{"line":21,"column":17}},"21":{"start":{"line":22,"column":0},"end":{"line":22,"column":13}},"22":{"start":{"line":23,"column":0},"end":{"line":23,"column":13}},"23":{"start":{"line":24,"column":0},"end":{"line":24,"column":10}},"24":{"start":{"line":25,"column":0},"end":{"line":25,"column":10}},"25":{"start":{"line":26,"column":0},"end":{"line":26,"column":1}},"31":{"start":{"line":32,"column":0},"end":{"line":32,"column":62}},"32":{"start":{"line":33,"column":0},"end":{"line":33,"column":31}},"35":{"start":{"line":36,"column":0},"end":{"line":36,"column":48}},"37":{"start":{"line":38,"column":0},"end":{"line":38,"column":88}},"40":{"start":{"line":41,"column":0},"end":{"line":41,"column":51}},"41":{"start":{"line":42,"column":0},"end":{"line":42,"column":59}},"42":{"start":{"line":43,"column":0},"end":{"line":43,"column":51}},"43":{"start":{"line":44,"column":0},"end":{"line":44,"column":57}},"44":{"start":{"line":45,"column":0},"end":{"line":45,"column":49}},"45":{"start":{"line":46,"column":0},"end":{"line":46,"column":49}},"46":{"start":{"line":47,"column":0},"end":{"line":47,"column":43}},"48":{"start":{"line":49,"column":0},"end":{"line":49,"column":16}},"49":{"start":{"line":50,"column":0},"end":{"line":50,"column":1}},"58":{"start":{"line":59,"column":0},"end":{"line":59,"column":57}},"59":{"start":{"line":60,"column":0},"end":{"line":60,"column":30}},"60":{"start":{"line":61,"column":0},"end":{"line":61,"column":32}},"68":{"start":{"line":69,"column":0},"end":{"line":69,"column":98}},"70":{"start":{"line":71,"column":0},"end":{"line":71,"column":29}},"71":{"start":{"line":72,"column":0},"end":{"line":72,"column":31}},"72":{"start":{"line":73,"column":0},"end":{"line":73,"column":26}},"74":{"start":{"line":75,"column":0},"end":{"line":75,"column":38}},"75":{"start":{"line":76,"column":0},"end":{"line":76,"column":16}},"76":{"start":{"line":77,"column":0},"end":{"line":77,"column":48}},"77":{"start":{"line":78,"column":0},"end":{"line":78,"column":18}},"78":{"start":{"line":79,"column":0},"end":{"line":79,"column":32}},"79":{"start":{"line":80,"column":0},"end":{"line":80,"column":26}},"80":{"start":{"line":81,"column":0},"end":{"line":81,"column":32}},"81":{"start":{"line":82,"column":0},"end":{"line":82,"column":28}},"82":{"start":{"line":83,"column":0},"end":{"line":83,"column":31}},"83":{"start":{"line":84,"column":0},"end":{"line":84,"column":20}},"84":{"start":{"line":85,"column":0},"end":{"line":85,"column":8}},"85":{"start":{"line":86,"column":0},"end":{"line":86,"column":12}},"88":{"start":{"line":89,"column":0},"end":{"line":89,"column":42}},"89":{"start":{"line":90,"column":0},"end":{"line":90,"column":52}},"90":{"start":{"line":91,"column":0},"end":{"line":91,"column":24}},"91":{"start":{"line":92,"column":0},"end":{"line":92,"column":20}},"92":{"start":{"line":93,"column":0},"end":{"line":93,"column":45}},"93":{"start":{"line":94,"column":0},"end":{"line":94,"column":38}},"94":{"start":{"line":95,"column":0},"end":{"line":95,"column":32}},"95":{"start":{"line":96,"column":0},"end":{"line":96,"column":10}},"96":{"start":{"line":97,"column":0},"end":{"line":97,"column":7}},"97":{"start":{"line":98,"column":0},"end":{"line":98,"column":5}},"98":{"start":{"line":99,"column":0},"end":{"line":99,"column":3}},"99":{"start":{"line":100,"column":0},"end":{"line":100,"column":14}},"100":{"start":{"line":101,"column":0},"end":{"line":101,"column":1}}},"s":{"16":1,"17":1,"18":1,"19":1,"20":1,"21":1,"22":1,"23":1,"24":1,"25":1,"31":1,"32":16,"35":15,"37":15,"40":16,"41":16,"42":16,"43":16,"44":16,"45":16,"46":3,"48":0,"49":0,"58":1,"59":10,"60":10,"68":10,"70":10,"71":15,"72":15,"74":12,"75":12,"76":12,"77":12,"78":12,"79":12,"80":12,"81":12,"82":12,"83":12,"84":12,"85":15,"88":0,"89":0,"90":0,"91":0,"92":0,"93":0,"94":0,"95":0,"96":0,"97":0,"98":15,"99":10,"100":10},"branchMap":{"0":{"type":"branch","line":32,"loc":{"start":{"line":32,"column":7},"end":{"line":50,"column":1}},"locations":[{"start":{"line":32,"column":7},"end":{"line":50,"column":1}}]},"1":{"type":"branch","line":33,"loc":{"start":{"line":33,"column":17},"end":{"line":33,"column":31}},"locations":[{"start":{"line":33,"column":17},"end":{"line":33,"column":31}}]},"2":{"type":"branch","line":33,"loc":{"start":{"line":33,"column":24},"end":{"line":41,"column":41}},"locations":[{"start":{"line":33,"column":24},"end":{"line":41,"column":41}}]},"3":{"type":"branch","line":41,"loc":{"start":{"line":41,"column":34},"end":{"line":41,"column":51}},"locations":[{"start":{"line":41,"column":34},"end":{"line":41,"column":51}}]},"4":{"type":"branch","line":41,"loc":{"start":{"line":41,"column":41},"end":{"line":42,"column":45}},"locations":[{"start":{"line":41,"column":41},"end":{"line":42,"column":45}}]},"5":{"type":"branch","line":42,"loc":{"start":{"line":42,"column":38},"end":{"line":42,"column":59}},"locations":[{"start":{"line":42,"column":38},"end":{"line":42,"column":59}}]},"6":{"type":"branch","line":42,"loc":{"start":{"line":42,"column":45},"end":{"line":43,"column":41}},"locations":[{"start":{"line":42,"column":45},"end":{"line":43,"column":41}}]},"7":{"type":"branch","line":43,"loc":{"start":{"line":43,"column":34},"end":{"line":43,"column":51}},"locations":[{"start":{"line":43,"column":34},"end":{"line":43,"column":51}}]},"8":{"type":"branch","line":43,"loc":{"start":{"line":43,"column":41},"end":{"line":44,"column":44}},"locations":[{"start":{"line":43,"column":41},"end":{"line":44,"column":44}}]},"9":{"type":"branch","line":44,"loc":{"start":{"line":44,"column":37},"end":{"line":44,"column":57}},"locations":[{"start":{"line":44,"column":37},"end":{"line":44,"column":57}}]},"10":{"type":"branch","line":44,"loc":{"start":{"line":44,"column":44},"end":{"line":45,"column":40}},"locations":[{"start":{"line":44,"column":44},"end":{"line":45,"column":40}}]},"11":{"type":"branch","line":45,"loc":{"start":{"line":45,"column":33},"end":{"line":45,"column":49}},"locations":[{"start":{"line":45,"column":33},"end":{"line":45,"column":49}}]},"12":{"type":"branch","line":45,"loc":{"start":{"line":45,"column":40},"end":{"line":46,"column":40}},"locations":[{"start":{"line":45,"column":40},"end":{"line":46,"column":40}}]},"13":{"type":"branch","line":46,"loc":{"start":{"line":46,"column":33},"end":{"line":46,"column":49}},"locations":[{"start":{"line":46,"column":33},"end":{"line":46,"column":49}}]},"14":{"type":"branch","line":46,"loc":{"start":{"line":46,"column":40},"end":{"line":47,"column":43}},"locations":[{"start":{"line":46,"column":40},"end":{"line":47,"column":43}}]},"15":{"type":"branch","line":47,"loc":{"start":{"line":47,"column":37},"end":{"line":50,"column":1}},"locations":[{"start":{"line":47,"column":37},"end":{"line":50,"column":1}}]},"16":{"type":"branch","line":59,"loc":{"start":{"line":59,"column":7},"end":{"line":101,"column":1}},"locations":[{"start":{"line":59,"column":7},"end":{"line":101,"column":1}}]},"17":{"type":"branch","line":71,"loc":{"start":{"line":71,"column":28},"end":{"line":99,"column":3}},"locations":[{"start":{"line":71,"column":28},"end":{"line":99,"column":3}}]},"18":{"type":"branch","line":73,"loc":{"start":{"line":73,"column":18},"end":{"line":73,"column":26}},"locations":[{"start":{"line":73,"column":18},"end":{"line":73,"column":26}}]},"19":{"type":"branch","line":73,"loc":{"start":{"line":73,"column":18},"end":{"line":86,"column":11}},"locations":[{"start":{"line":73,"column":18},"end":{"line":86,"column":11}}]},"20":{"type":"branch","line":81,"loc":{"start":{"line":81,"column":13},"end":{"line":81,"column":30}},"locations":[{"start":{"line":81,"column":13},"end":{"line":81,"column":30}}]},"21":{"type":"branch","line":86,"loc":{"start":{"line":86,"column":4},"end":{"line":98,"column":5}},"locations":[{"start":{"line":86,"column":4},"end":{"line":98,"column":5}}]}},"b":{"0":[16],"1":[1],"2":[15],"3":[4],"4":[11],"5":[1],"6":[10],"7":[2],"8":[8],"9":[3],"10":[5],"11":[1],"12":[4],"13":[1],"14":[3],"15":[0],"16":[10],"17":[15],"18":[3],"19":[12],"20":[4],"21":[0]},"fnMap":{"0":{"name":"extractPrimaryType","decl":{"start":{"line":32,"column":7},"end":{"line":50,"column":1}},"loc":{"start":{"line":32,"column":7},"end":{"line":50,"column":1}},"line":32},"1":{"name":"parseDeckList","decl":{"start":{"line":59,"column":7},"end":{"line":101,"column":1}},"loc":{"start":{"line":59,"column":7},"end":{"line":101,"column":1}},"line":59}},"f":{"0":16,"1":10}}
,"D:\\Desktop\\Files\\Card Search\\group-buy\\src\\lib\\utils.ts": {"path":"D:\\Desktop\\Files\\Card Search\\group-buy\\src\\lib\\utils.ts","all":false,"statementMap":{"0":{"start":{"line":1,"column":0},"end":{"line":1,"column":44}},"1":{"start":{"line":2,"column":0},"end":{"line":2,"column":40}},"3":{"start":{"line":4,"column":0},"end":{"line":4,"column":45}},"4":{"start":{"line":5,"column":0},"end":{"line":5,"column":30}},"5":{"start":{"line":6,"column":0},"end":{"line":6,"column":1}},"10":{"start":{"line":11,"column":0},"end":{"line":11,"column":52}},"11":{"start":{"line":12,"column":0},"end":{"line":12,"column":31}},"12":{"start":{"line":13,"column":0},"end":{"line":13,"column":1}},"19":{"start":{"line":20,"column":0},"end":{"line":20,"column":56}},"20":{"start":{"line":21,"column":0},"end":{"line":21,"column":41}},"21":{"start":{"line":22,"column":0},"end":{"line":22,"column":1}},"27":{"start":{"line":28,"column":0},"end":{"line":28,"column":83}},"28":{"start":{"line":29,"column":0},"end":{"line":29,"column":44}},"29":{"start":{"line":30,"column":0},"end":{"line":30,"column":44}},"30":{"start":{"line":31,"column":0},"end":{"line":31,"column":17}},"31":{"start":{"line":32,"column":0},"end":{"line":32,"column":1}},"36":{"start":{"line":37,"column":0},"end":{"line":37,"column":64}},"37":{"start":{"line":38,"column":0},"end":{"line":38,"column":78}},"38":{"start":{"line":39,"column":0},"end":{"line":39,"column":1}},"43":{"start":{"line":44,"column":0},"end":{"line":44,"column":120}},"45":{"start":{"line":46,"column":0},"end":{"line":46,"column":32}},"46":{"start":{"line":47,"column":0},"end":{"line":47,"column":32}},"47":{"start":{"line":48,"column":0},"end":{"line":48,"column":78}},"48":{"start":{"line":49,"column":0},"end":{"line":49,"column":1}},"53":{"start":{"line":54,"column":0},"end":{"line":54,"column":73}},"54":{"start":{"line":55,"column":0},"end":{"line":55,"column":32}},"56":{"start":{"line":57,"column":0},"end":{"line":57,"column":10}},"57":{"start":{"line":58,"column":0},"end":{"line":58,"column":56}},"58":{"start":{"line":59,"column":0},"end":{"line":59,"column":56}},"59":{"start":{"line":60,"column":0},"end":{"line":60,"column":51}},"60":{"start":{"line":61,"column":0},"end":{"line":61,"column":49}},"62":{"start":{"line":63,"column":0},"end":{"line":63,"column":1}},"68":{"start":{"line":69,"column":0},"end":{"line":69,"column":75}},"69":{"start":{"line":70,"column":0},"end":{"line":70,"column":57}},"70":{"start":{"line":71,"column":0},"end":{"line":71,"column":15}},"71":{"start":{"line":72,"column":0},"end":{"line":72,"column":3}},"74":{"start":{"line":75,"column":0},"end":{"line":75,"column":58}},"76":{"start":{"line":77,"column":0},"end":{"line":77,"column":81}},"78":{"start":{"line":79,"column":0},"end":{"line":79,"column":44}},"80":{"start":{"line":81,"column":0},"end":{"line":81,"column":30}},"81":{"start":{"line":82,"column":0},"end":{"line":82,"column":3}},"83":{"start":{"line":84,"column":0},"end":{"line":84,"column":20}},"84":{"start":{"line":85,"column":0},"end":{"line":85,"column":1}},"90":{"start":{"line":91,"column":0},"end":{"line":91,"column":30}},"91":{"start":{"line":92,"column":0},"end":{"line":92,"column":29}},"92":{"start":{"line":93,"column":0},"end":{"line":93,"column":28}},"93":{"start":{"line":94,"column":0},"end":{"line":94,"column":47}},"94":{"start":{"line":95,"column":0},"end":{"line":95,"column":42}},"95":{"start":{"line":96,"column":0},"end":{"line":96,"column":58}},"98":{"start":{"line":99,"column":0},"end":{"line":99,"column":44}},"99":{"start":{"line":100,"column":0},"end":{"line":100,"column":15}},"100":{"start":{"line":101,"column":0},"end":{"line":101,"column":54}},"101":{"start":{"line":102,"column":0},"end":{"line":102,"column":3}},"104":{"start":{"line":105,"column":0},"end":{"line":105,"column":19}},"105":{"start":{"line":106,"column":0},"end":{"line":106,"column":82}},"106":{"start":{"line":107,"column":0},"end":{"line":107,"column":3}},"109":{"start":{"line":110,"column":0},"end":{"line":110,"column":28}},"110":{"start":{"line":111,"column":0},"end":{"line":111,"column":78}},"111":{"start":{"line":112,"column":0},"end":{"line":112,"column":3}},"113":{"start":{"line":114,"column":0},"end":{"line":114,"column":15}},"114":{"start":{"line":115,"column":0},"end":{"line":115,"column":1}},"121":{"start":{"line":122,"column":0},"end":{"line":122,"column":32}},"122":{"start":{"line":123,"column":0},"end":{"line":123,"column":29}},"123":{"start":{"line":124,"column":0},"end":{"line":124,"column":28}},"124":{"start":{"line":125,"column":0},"end":{"line":125,"column":47}},"125":{"start":{"line":126,"column":0},"end":{"line":126,"column":11}},"128":{"start":{"line":129,"column":0},"end":{"line":129,"column":40}},"129":{"start":{"line":130,"column":0},"end":{"line":130,"column":23}},"130":{"start":{"line":131,"column":0},"end":{"line":131,"column":3}},"131":{"start":{"line":132,"column":0},"end":{"line":132,"column":19}},"132":{"start":{"line":133,"column":0},"end":{"line":133,"column":48}},"133":{"start":{"line":134,"column":0},"end":{"line":134,"column":3}},"135":{"start":{"line":136,"column":0},"end":{"line":136,"column":39}},"136":{"start":{"line":137,"column":0},"end":{"line":137,"column":1}},"142":{"start":{"line":143,"column":0},"end":{"line":143,"column":47}},"143":{"start":{"line":144,"column":0},"end":{"line":144,"column":13}},"144":{"start":{"line":145,"column":0},"end":{"line":145,"column":18}},"145":{"start":{"line":146,"column":0},"end":{"line":146,"column":32}},"146":{"start":{"line":147,"column":0},"end":{"line":147,"column":28}},"147":{"start":{"line":148,"column":0},"end":{"line":148,"column":1}},"153":{"start":{"line":154,"column":0},"end":{"line":154,"column":34}},"157":{"start":{"line":158,"column":0},"end":{"line":158,"column":12}},"158":{"start":{"line":159,"column":0},"end":{"line":159,"column":60}},"159":{"start":{"line":160,"column":0},"end":{"line":160,"column":51}},"160":{"start":{"line":161,"column":0},"end":{"line":161,"column":38}},"161":{"start":{"line":162,"column":0},"end":{"line":162,"column":52}},"162":{"start":{"line":163,"column":0},"end":{"line":163,"column":1}},"167":{"start":{"line":168,"column":0},"end":{"line":168,"column":96}},"168":{"start":{"line":169,"column":0},"end":{"line":169,"column":41}},"169":{"start":{"line":170,"column":0},"end":{"line":170,"column":1}},"175":{"start":{"line":176,"column":0},"end":{"line":176,"column":63}},"176":{"start":{"line":177,"column":0},"end":{"line":177,"column":19}},"177":{"start":{"line":178,"column":0},"end":{"line":178,"column":18}},"179":{"start":{"line":180,"column":0},"end":{"line":180,"column":76}},"180":{"start":{"line":181,"column":0},"end":{"line":181,"column":16}},"182":{"start":{"line":183,"column":0},"end":{"line":183,"column":84}},"183":{"start":{"line":184,"column":0},"end":{"line":184,"column":16}},"185":{"start":{"line":186,"column":0},"end":{"line":186,"column":80}},"186":{"start":{"line":187,"column":0},"end":{"line":187,"column":22}},"188":{"start":{"line":189,"column":0},"end":{"line":189,"column":76}},"189":{"start":{"line":190,"column":0},"end":{"line":190,"column":12}},"191":{"start":{"line":192,"column":0},"end":{"line":192,"column":53}},"192":{"start":{"line":193,"column":0},"end":{"line":193,"column":3}},"193":{"start":{"line":194,"column":0},"end":{"line":194,"column":1}},"200":{"start":{"line":201,"column":0},"end":{"line":201,"column":43}},"206":{"start":{"line":207,"column":0},"end":{"line":207,"column":26}},"207":{"start":{"line":208,"column":0},"end":{"line":208,"column":24}},"209":{"start":{"line":210,"column":0},"end":{"line":210,"column":30}},"210":{"start":{"line":211,"column":0},"end":{"line":211,"column":42}},"211":{"start":{"line":212,"column":0},"end":{"line":212,"column":52}},"212":{"start":{"line":213,"column":0},"end":{"line":213,"column":48}},"214":{"start":{"line":215,"column":0},"end":{"line":215,"column":73}},"215":{"start":{"line":216,"column":0},"end":{"line":216,"column":44}},"217":{"start":{"line":218,"column":0},"end":{"line":218,"column":55}},"218":{"start":{"line":219,"column":0},"end":{"line":219,"column":1}}},"s":{"0":1,"1":1,"3":1,"4":2,"5":2,"10":1,"11":4,"12":4,"19":1,"20":4,"21":4,"27":1,"28":5,"29":5,"30":3,"31":3,"36":1,"37":2,"38":2,"43":1,"45":7,"46":7,"47":7,"48":7,"53":1,"54":16,"56":12,"57":12,"58":7,"59":3,"60":2,"62":16,"68":1,"69":8,"70":4,"71":4,"74":8,"76":3,"78":3,"80":3,"81":3,"83":1,"84":1,"90":1,"91":3,"92":3,"93":3,"94":3,"95":3,"98":3,"99":3,"100":1,"101":1,"104":3,"105":2,"106":2,"109":3,"110":1,"111":1,"113":3,"114":3,"121":1,"122":3,"123":3,"124":3,"125":3,"128":3,"129":1,"130":1,"131":3,"132":1,"133":1,"135":1,"136":1,"142":1,"143":5,"144":5,"145":5,"146":5,"147":5,"153":1,"157":2,"158":2,"159":2,"160":2,"161":2,"162":2,"167":1,"168":2,"169":2,"175":1,"176":5,"177":5,"179":1,"180":5,"182":1,"183":5,"185":1,"186":5,"188":1,"189":5,"191":1,"192":5,"193":5,"200":1,"206":8,"207":8,"209":7,"210":8,"211":8,"212":8,"214":8,"215":8,"217":8,"218":8},"branchMap":{"0":{"type":"branch","line":4,"loc":{"start":{"line":4,"column":7},"end":{"line":6,"column":1}},"locations":[{"start":{"line":4,"column":7},"end":{"line":6,"column":1}}]},"1":{"type":"branch","line":11,"loc":{"start":{"line":11,"column":7},"end":{"line":13,"column":1}},"locations":[{"start":{"line":11,"column":7},"end":{"line":13,"column":1}}]},"2":{"type":"branch","line":20,"loc":{"start":{"line":20,"column":7},"end":{"line":22,"column":1}},"locations":[{"start":{"line":20,"column":7},"end":{"line":22,"column":1}}]},"3":{"type":"branch","line":21,"loc":{"start":{"line":21,"column":22},"end":{"line":21,"column":37}},"locations":[{"start":{"line":21,"column":22},"end":{"line":21,"column":37}}]},"4":{"type":"branch","line":21,"loc":{"start":{"line":21,"column":31},"end":{"line":21,"column":41}},"locations":[{"start":{"line":21,"column":31},"end":{"line":21,"column":41}}]},"5":{"type":"branch","line":28,"loc":{"start":{"line":28,"column":7},"end":{"line":32,"column":1}},"locations":[{"start":{"line":28,"column":7},"end":{"line":32,"column":1}}]},"6":{"type":"branch","line":29,"loc":{"start":{"line":29,"column":31},"end":{"line":29,"column":44}},"locations":[{"start":{"line":29,"column":31},"end":{"line":29,"column":44}}]},"7":{"type":"branch","line":29,"loc":{"start":{"line":29,"column":38},"end":{"line":30,"column":38}},"locations":[{"start":{"line":29,"column":38},"end":{"line":30,"column":38}}]},"8":{"type":"branch","line":30,"loc":{"start":{"line":30,"column":31},"end":{"line":30,"column":44}},"locations":[{"start":{"line":30,"column":31},"end":{"line":30,"column":44}}]},"9":{"type":"branch","line":30,"loc":{"start":{"line":30,"column":38},"end":{"line":32,"column":1}},"locations":[{"start":{"line":30,"column":38},"end":{"line":32,"column":1}}]},"10":{"type":"branch","line":37,"loc":{"start":{"line":37,"column":7},"end":{"line":39,"column":1}},"locations":[{"start":{"line":37,"column":7},"end":{"line":39,"column":1}}]},"11":{"type":"branch","line":44,"loc":{"start":{"line":44,"column":7},"end":{"line":49,"column":1}},"locations":[{"start":{"line":44,"column":7},"end":{"line":49,"column":1}}]},"12":{"type":"branch","line":54,"loc":{"start":{"line":54,"column":7},"end":{"line":63,"column":1}},"locations":[{"start":{"line":54,"column":7},"end":{"line":63,"column":1}}]},"13":{"type":"branch","line":55,"loc":{"start":{"line":55,"column":20},"end":{"line":55,"column":32}},"locations":[{"start":{"line":55,"column":20},"end":{"line":55,"column":32}}]},"14":{"type":"branch","line":55,"loc":{"start":{"line":55,"column":27},"end":{"line":58,"column":56}},"locations":[{"start":{"line":55,"column":27},"end":{"line":58,"column":56}}]},"15":{"type":"branch","line":58,"loc":{"start":{"line":58,"column":52},"end":{"line":61,"column":49}},"locations":[{"start":{"line":58,"column":52},"end":{"line":61,"column":49}}]},"16":{"type":"branch","line":59,"loc":{"start":{"line":59,"column":52},"end":{"line":60,"column":51}},"locations":[{"start":{"line":59,"column":52},"end":{"line":60,"column":51}}]},"17":{"type":"branch","line":60,"loc":{"start":{"line":60,"column":47},"end":{"line":61,"column":49}},"locations":[{"start":{"line":60,"column":47},"end":{"line":61,"column":49}}]},"18":{"type":"branch","line":69,"loc":{"start":{"line":69,"column":7},"end":{"line":85,"column":1}},"locations":[{"start":{"line":69,"column":7},"end":{"line":85,"column":1}}]},"19":{"type":"branch","line":70,"loc":{"start":{"line":70,"column":37},"end":{"line":70,"column":56}},"locations":[{"start":{"line":70,"column":37},"end":{"line":70,"column":56}}]},"20":{"type":"branch","line":70,"loc":{"start":{"line":70,"column":56},"end":{"line":75,"column":57}},"locations":[{"start":{"line":70,"column":56},"end":{"line":75,"column":57}}]},"21":{"type":"branch","line":75,"loc":{"start":{"line":75,"column":57},"end":{"line":82,"column":3}},"locations":[{"start":{"line":75,"column":57},"end":{"line":82,"column":3}}]},"22":{"type":"branch","line":82,"loc":{"start":{"line":82,"column":2},"end":{"line":85,"column":1}},"locations":[{"start":{"line":82,"column":2},"end":{"line":85,"column":1}}]},"23":{"type":"branch","line":91,"loc":{"start":{"line":91,"column":7},"end":{"line":115,"column":1}},"locations":[{"start":{"line":91,"column":7},"end":{"line":115,"column":1}}]},"24":{"type":"branch","line":100,"loc":{"start":{"line":100,"column":14},"end":{"line":102,"column":3}},"locations":[{"start":{"line":100,"column":14},"end":{"line":102,"column":3}}]},"25":{"type":"branch","line":105,"loc":{"start":{"line":105,"column":18},"end":{"line":107,"column":3}},"locations":[{"start":{"line":105,"column":18},"end":{"line":107,"column":3}}]},"26":{"type":"branch","line":110,"loc":{"start":{"line":110,"column":27},"end":{"line":112,"column":3}},"locations":[{"start":{"line":110,"column":27},"end":{"line":112,"column":3}}]},"27":{"type":"branch","line":122,"loc":{"start":{"line":122,"column":7},"end":{"line":137,"column":1}},"locations":[{"start":{"line":122,"column":7},"end":{"line":137,"column":1}}]},"28":{"type":"branch","line":129,"loc":{"start":{"line":129,"column":39},"end":{"line":131,"column":3}},"locations":[{"start":{"line":129,"column":39},"end":{"line":131,"column":3}}]},"29":{"type":"branch","line":131,"loc":{"start":{"line":131,"column":2},"end":{"line":132,"column":18}},"locations":[{"start":{"line":131,"column":2},"end":{"line":132,"column":18}}]},"30":{"type":"branch","line":132,"loc":{"start":{"line":132,"column":18},"end":{"line":137,"column":1}},"locations":[{"start":{"line":132,"column":18},"end":{"line":137,"column":1}}]},"31":{"type":"branch","line":143,"loc":{"start":{"line":143,"column":7},"end":{"line":148,"column":1}},"locations":[{"start":{"line":143,"column":7},"end":{"line":148,"column":1}}]},"32":{"type":"branch","line":154,"loc":{"start":{"line":154,"column":7},"end":{"line":163,"column":1}},"locations":[{"start":{"line":154,"column":7},"end":{"line":163,"column":1}}]},"33":{"type":"branch","line":159,"loc":{"start":{"line":159,"column":24},"end":{"line":159,"column":47}},"locations":[{"start":{"line":159,"column":24},"end":{"line":159,"column":47}}]},"34":{"type":"branch","line":160,"loc":{"start":{"line":160,"column":28},"end":{"line":160,"column":51}},"locations":[{"start":{"line":160,"column":28},"end":{"line":160,"column":51}}]},"35":{"type":"branch","line":168,"loc":{"start":{"line":168,"column":7},"end":{"line":170,"column":1}},"locations":[{"start":{"line":168,"column":7},"end":{"line":170,"column":1}}]},"36":{"type":"branch","line":169,"loc":{"start":{"line":169,"column":14},"end":{"line":169,"column":41}},"locations":[{"start":{"line":169,"column":14},"end":{"line":169,"column":41}}]},"37":{"type":"branch","line":176,"loc":{"start":{"line":176,"column":7},"end":{"line":194,"column":1}},"locations":[{"start":{"line":176,"column":7},"end":{"line":194,"column":1}}]},"38":{"type":"branch","line":178,"loc":{"start":{"line":178,"column":4},"end":{"line":180,"column":76}},"locations":[{"start":{"line":178,"column":4},"end":{"line":180,"column":76}}]},"39":{"type":"branch","line":181,"loc":{"start":{"line":181,"column":4},"end":{"line":183,"column":84}},"locations":[{"start":{"line":181,"column":4},"end":{"line":183,"column":84}}]},"40":{"type":"branch","line":184,"loc":{"start":{"line":184,"column":4},"end":{"line":186,"column":80}},"locations":[{"start":{"line":184,"column":4},"end":{"line":186,"column":80}}]},"41":{"type":"branch","line":187,"loc":{"start":{"line":187,"column":4},"end":{"line":189,"column":76}},"locations":[{"start":{"line":187,"column":4},"end":{"line":189,"column":76}}]},"42":{"type":"branch","line":190,"loc":{"start":{"line":190,"column":4},"end":{"line":192,"column":53}},"locations":[{"start":{"line":190,"column":4},"end":{"line":192,"column":53}}]},"43":{"type":"branch","line":201,"loc":{"start":{"line":201,"column":7},"end":{"line":219,"column":1}},"locations":[{"start":{"line":201,"column":7},"end":{"line":219,"column":1}}]},"44":{"type":"branch","line":208,"loc":{"start":{"line":208,"column":13},"end":{"line":208,"column":24}},"locations":[{"start":{"line":208,"column":13},"end":{"line":208,"column":24}}]},"45":{"type":"branch","line":208,"loc":{"start":{"line":208,"column":20},"end":{"line":211,"column":29}},"locations":[{"start":{"line":208,"column":20},"end":{"line":211,"column":29}}]},"46":{"type":"branch","line":211,"loc":{"start":{"line":211,"column":21},"end":{"line":211,"column":42}},"locations":[{"start":{"line":211,"column":21},"end":{"line":211,"column":42}}]},"47":{"type":"branch","line":211,"loc":{"start":{"line":211,"column":41},"end":{"line":212,"column":32}},"locations":[{"start":{"line":211,"column":41},"end":{"line":212,"column":32}}]},"48":{"type":"branch","line":212,"loc":{"start":{"line":212,"column":24},"end":{"line":212,"column":52}},"locations":[{"start":{"line":212,"column":24},"end":{"line":212,"column":52}}]},"49":{"type":"branch","line":212,"loc":{"start":{"line":212,"column":51},"end":{"line":213,"column":32}},"locations":[{"start":{"line":212,"column":51},"end":{"line":213,"column":32}}]},"50":{"type":"branch","line":213,"loc":{"start":{"line":213,"column":24},"end":{"line":213,"column":48}},"locations":[{"start":{"line":213,"column":24},"end":{"line":213,"column":48}}]},"51":{"type":"branch","line":213,"loc":{"start":{"line":213,"column":47},"end":{"line":215,"column":28}},"locations":[{"start":{"line":213,"column":47},"end":{"line":215,"column":28}}]},"52":{"type":"branch","line":215,"loc":{"start":{"line":215,"column":11},"end":{"line":215,"column":47}},"locations":[{"start":{"line":215,"column":11},"end":{"line":215,"column":47}}]},"53":{"type":"branch","line":215,"loc":{"start":{"line":215,"column":47},"end":{"line":215,"column":73}},"locations":[{"start":{"line":215,"column":47},"end":{"line":215,"column":73}}]},"54":{"type":"branch","line":215,"loc":{"start":{"line":215,"column":72},"end":{"line":216,"column":30}},"locations":[{"start":{"line":215,"column":72},"end":{"line":216,"column":30}}]},"55":{"type":"branch","line":216,"loc":{"start":{"line":216,"column":22},"end":{"line":216,"column":44}},"locations":[{"start":{"line":216,"column":22},"end":{"line":216,"column":44}}]},"56":{"type":"branch","line":216,"loc":{"start":{"line":216,"column":43},"end":{"line":218,"column":30}},"locations":[{"start":{"line":216,"column":43},"end":{"line":218,"column":30}}]},"57":{"type":"branch","line":218,"loc":{"start":{"line":218,"column":26},"end":{"line":218,"column":51}},"locations":[{"start":{"line":218,"column":26},"end":{"line":218,"column":51}}]},"58":{"type":"branch","line":218,"loc":{"start":{"line":218,"column":47},"end":{"line":218,"column":55}},"locations":[{"start":{"line":218,"column":47},"end":{"line":218,"column":55}}]}},"b":{"0":[2],"1":[4],"2":[4],"3":[1],"4":[3],"5":[5],"6":[1],"7":[4],"8":[1],"9":[3],"10":[2],"11":[7],"12":[16],"13":[4],"14":[12],"15":[7],"16":[3],"17":[2],"18":[8],"19":[4],"20":[4],"21":[3],"22":[1],"23":[3],"24":[1],"25":[2],"26":[1],"27":[3],"28":[1],"29":[2],"30":[1],"31":[5],"32":[2],"33":[1],"34":[1],"35":[2],"36":[1],"37":[5],"38":[1],"39":[1],"40":[1],"41":[1],"42":[1],"43":[8],"44":[1],"45":[7],"46":[2],"47":[7],"48":[1],"49":[7],"50":[1],"51":[7],"52":[2],"53":[1],"54":[7],"55":[2],"56":[7],"57":[6],"58":[1]},"fnMap":{"0":{"name":"cn","decl":{"start":{"line":4,"column":7},"end":{"line":6,"column":1}},"loc":{"start":{"line":4,"column":7},"end":{"line":6,"column":1}},"line":4},"1":{"name":"formatPrice","decl":{"start":{"line":11,"column":7},"end":{"line":13,"column":1}},"loc":{"start":{"line":11,"column":7},"end":{"line":13,"column":1}},"line":11},"2":{"name":"getCardPrice","decl":{"start":{"line":20,"column":7},"end":{"line":22,"column":1}},"loc":{"start":{"line":20,"column":7},"end":{"line":22,"column":1}},"line":20},"3":{"name":"getCardTypeFromSerial","decl":{"start":{"line":28,"column":7},"end":{"line":32,"column":1}},"loc":{"start":{"line":28,"column":7},"end":{"line":32,"column":1}},"line":28},"4":{"name":"getTrackingUrl","decl":{"start":{"line":37,"column":7},"end":{"line":39,"column":1}},"loc":{"start":{"line":37,"column":7},"end":{"line":39,"column":1}},"line":37},"5":{"name":"getScryfallImageUrl","decl":{"start":{"line":44,"column":7},"end":{"line":49,"column":1}},"loc":{"start":{"line":44,"column":7},"end":{"line":49,"column":1}},"line":44},"6":{"name":"isValidRonImageUrl","decl":{"start":{"line":54,"column":7},"end":{"line":63,"column":1}},"loc":{"start":{"line":54,"column":7},"end":{"line":63,"column":1}},"line":54},"7":{"name":"getRonImageUrl","decl":{"start":{"line":69,"column":7},"end":{"line":85,"column":1}},"loc":{"start":{"line":69,"column":7},"end":{"line":85,"column":1}},"line":69},"8":{"name":"getCardImages","decl":{"start":{"line":91,"column":7},"end":{"line":115,"column":1}},"loc":{"start":{"line":91,"column":7},"end":{"line":115,"column":1}},"line":91},"9":{"name":"getCardImageUrl","decl":{"start":{"line":122,"column":7},"end":{"line":137,"column":1}},"loc":{"start":{"line":122,"column":7},"end":{"line":137,"column":1}},"line":122},"10":{"name":"slugify","decl":{"start":{"line":143,"column":7},"end":{"line":148,"column":1}},"loc":{"start":{"line":143,"column":7},"end":{"line":148,"column":1}},"line":143},"11":{"name":"getCardUrl","decl":{"start":{"line":154,"column":7},"end":{"line":163,"column":1}},"loc":{"start":{"line":154,"column":7},"end":{"line":163,"column":1}},"line":154},"12":{"name":"getFinishLabel","decl":{"start":{"line":168,"column":7},"end":{"line":170,"column":1}},"loc":{"start":{"line":168,"column":7},"end":{"line":170,"column":1}},"line":168},"13":{"name":"getFinishBadgeClasses","decl":{"start":{"line":176,"column":7},"end":{"line":194,"column":1}},"loc":{"start":{"line":176,"column":7},"end":{"line":194,"column":1}},"line":176},"14":{"name":"getFrameEffectLabel","decl":{"start":{"line":201,"column":7},"end":{"line":219,"column":1}},"loc":{"start":{"line":201,"column":7},"end":{"line":219,"column":1}},"line":201}},"f":{"0":2,"1":4,"2":4,"3":5,"4":2,"5":7,"6":16,"7":8,"8":3,"9":3,"10":5,"11":2,"12":2,"13":5,"14":8}}
,"D:\\Desktop\\Files\\Card Search\\group-buy\\src\\lib\\server\\cart-types.ts": {"path":"D:\\Desktop\\Files\\Card Search\\group-buy\\src\\lib\\server\\cart-types.ts","all":false,"statementMap":{"158":{"start":{"line":159,"column":0},"end":{"line":159,"column":41}},"161":{"start":{"line":162,"column":0},"end":{"line":162,"column":61}},"162":{"start":{"line":163,"column":0},"end":{"line":163,"column":78}},"163":{"start":{"line":164,"column":0},"end":{"line":164,"column":72}},"165":{"start":{"line":166,"column":0},"end":{"line":166,"column":14}},"166":{"start":{"line":167,"column":0},"end":{"line":167,"column":41}},"167":{"start":{"line":168,"column":0},"end":{"line":168,"column":35}},"168":{"start":{"line":169,"column":0},"end":{"line":169,"column":36}},"169":{"start":{"line":170,"column":0},"end":{"line":170,"column":22}},"170":{"start":{"line":171,"column":0},"end":{"line":171,"column":3}},"171":{"start":{"line":172,"column":0},"end":{"line":172,"column":26}},"172":{"start":{"line":173,"column":0},"end":{"line":173,"column":1}},"175":{"start":{"line":176,"column":0},"end":{"line":176,"column":62}},"178":{"start":{"line":179,"column":0},"end":{"line":179,"column":62}},"179":{"start":{"line":180,"column":0},"end":{"line":180,"column":57}},"180":{"start":{"line":181,"column":0},"end":{"line":181,"column":24}},"181":{"start":{"line":182,"column":0},"end":{"line":182,"column":57}},"182":{"start":{"line":183,"column":0},"end":{"line":183,"column":1}}},"s":{"158":1,"161":1,"162":9,"163":9,"165":9,"166":9,"167":100,"168":100,"169":100,"170":100,"171":9,"172":9,"175":1,"178":1,"179":3,"180":3,"181":3,"182":3},"branchMap":{"0":{"type":"branch","line":162,"loc":{"start":{"line":162,"column":7},"end":{"line":173,"column":1}},"locations":[{"start":{"line":162,"column":7},"end":{"line":173,"column":1}}]},"1":{"type":"branch","line":167,"loc":{"start":{"line":167,"column":40},"end":{"line":171,"column":3}},"locations":[{"start":{"line":167,"column":40},"end":{"line":171,"column":3}}]},"2":{"type":"branch","line":163,"loc":{"start":{"line":163,"column":33},"end":{"line":163,"column":77}},"locations":[{"start":{"line":163,"column":33},"end":{"line":163,"column":77}}]},"3":{"type":"branch","line":164,"loc":{"start":{"line":164,"column":26},"end":{"line":164,"column":61}},"locations":[{"start":{"line":164,"column":26},"end":{"line":164,"column":61}}]},"4":{"type":"branch","line":179,"loc":{"start":{"line":179,"column":7},"end":{"line":183,"column":1}},"locations":[{"start":{"line":179,"column":7},"end":{"line":183,"column":1}}]}},"b":{"0":[9],"1":[100],"2":[4],"3":[12],"4":[3]},"fnMap":{"0":{"name":"generateCartHash","decl":{"start":{"line":162,"column":7},"end":{"line":173,"column":1}},"loc":{"start":{"line":162,"column":7},"end":{"line":173,"column":1}},"line":162},"1":{"name":"isCartFresh","decl":{"start":{"line":179,"column":7},"end":{"line":183,"column":1}},"loc":{"start":{"line":179,"column":7},"end":{"line":183,"column":1}},"line":179}},"f":{"0":9,"1":3}}
,"D:\\Desktop\\Files\\Card Search\\group-buy\\src\\lib\\server\\search-utils.ts": {"path":"D:\\Desktop\\Files\\Card Search\\group-buy\\src\\lib\\server\\search-utils.ts","all":false,"statementMap":{"24":{"start":{"line":25,"column":0},"end":{"line":25,"column":51}},"25":{"start":{"line":26,"column":0},"end":{"line":26,"column":34}},"26":{"start":{"line":27,"column":0},"end":{"line":27,"column":1}},"32":{"start":{"line":33,"column":0},"end":{"line":33,"column":50}},"33":{"start":{"line":34,"column":0},"end":{"line":34,"column":83}},"34":{"start":{"line":35,"column":0},"end":{"line":35,"column":1}},"42":{"start":{"line":43,"column":0},"end":{"line":43,"column":86}},"43":{"start":{"line":44,"column":0},"end":{"line":44,"column":38}},"45":{"start":{"line":46,"column":0},"end":{"line":46,"column":70}},"48":{"start":{"line":49,"column":0},"end":{"line":49,"column":21}},"49":{"start":{"line":50,"column":0},"end":{"line":50,"column":29}},"50":{"start":{"line":51,"column":0},"end":{"line":51,"column":29}},"51":{"start":{"line":52,"column":0},"end":{"line":52,"column":48}},"52":{"start":{"line":53,"column":0},"end":{"line":53,"column":5}},"54":{"start":{"line":55,"column":0},"end":{"line":55,"column":12}},"55":{"start":{"line":56,"column":0},"end":{"line":56,"column":4}},"56":{"start":{"line":57,"column":0},"end":{"line":57,"column":1}}},"s":{"24":1,"25":3,"26":3,"32":1,"33":6,"34":6,"42":1,"43":6,"45":6,"48":6,"49":1,"50":1,"51":1,"52":1,"54":2,"55":6,"56":6},"branchMap":{"0":{"type":"branch","line":25,"loc":{"start":{"line":25,"column":7},"end":{"line":27,"column":1}},"locations":[{"start":{"line":25,"column":7},"end":{"line":27,"column":1}}]},"1":{"type":"branch","line":33,"loc":{"start":{"line":33,"column":7},"end":{"line":35,"column":1}},"locations":[{"start":{"line":33,"column":7},"end":{"line":35,"column":1}}]},"2":{"type":"branch","line":34,"loc":{"start":{"line":34,"column":28},"end":{"line":34,"column":67}},"locations":[{"start":{"line":34,"column":28},"end":{"line":34,"column":67}}]},"3":{"type":"branch","line":34,"loc":{"start":{"line":34,"column":57},"end":{"line":34,"column":83}},"locations":[{"start":{"line":34,"column":57},"end":{"line":34,"column":83}}]},"4":{"type":"branch","line":43,"loc":{"start":{"line":43,"column":7},"end":{"line":57,"column":1}},"locations":[{"start":{"line":43,"column":7},"end":{"line":57,"column":1}}]},"5":{"type":"branch","line":44,"loc":{"start":{"line":44,"column":27},"end":{"line":56,"column":3}},"locations":[{"start":{"line":44,"column":27},"end":{"line":56,"column":3}}]},"6":{"type":"branch","line":46,"loc":{"start":{"line":46,"column":41},"end":{"line":49,"column":20}},"locations":[{"start":{"line":46,"column":41},"end":{"line":49,"column":20}}]},"7":{"type":"branch","line":46,"loc":{"start":{"line":46,"column":64},"end":{"line":46,"column":70}},"locations":[{"start":{"line":46,"column":64},"end":{"line":46,"column":70}}]},"8":{"type":"branch","line":49,"loc":{"start":{"line":49,"column":20},"end":{"line":53,"column":5}},"locations":[{"start":{"line":49,"column":20},"end":{"line":53,"column":5}}]},"9":{"type":"branch","line":52,"loc":{"start":{"line":52,"column":42},"end":{"line":52,"column":48}},"locations":[{"start":{"line":52,"column":42},"end":{"line":52,"column":48}}]},"10":{"type":"branch","line":53,"loc":{"start":{"line":53,"column":4},"end":{"line":55,"column":12}},"locations":[{"start":{"line":53,"column":4},"end":{"line":55,"column":12}}]}},"b":{"0":[3],"1":[6],"2":[4],"3":[3],"4":[6],"5":[6],"6":[3],"7":[0],"8":[1],"9":[0],"10":[2]},"fnMap":{"0":{"name":"getCacheKey","decl":{"start":{"line":25,"column":7},"end":{"line":27,"column":1}},"loc":{"start":{"line":25,"column":7},"end":{"line":27,"column":1}},"line":25},"1":{"name":"isFoil","decl":{"start":{"line":33,"column":7},"end":{"line":35,"column":1}},"loc":{"start":{"line":33,"column":7},"end":{"line":35,"column":1}},"line":33},"2":{"name":"sortMatches","decl":{"start":{"line":43,"column":7},"end":{"line":57,"column":1}},"loc":{"start":{"line":43,"column":7},"end":{"line":57,"column":1}},"line":43}},"f":{"0":3,"1":6,"2":6}}
}
